<?xml version="1.0" encoding="UTF-8"?>
<!-- Generated by org.testng.reporters.JUnitReportReporter -->
<testsuite hostname="PROVINCE-DEV-03" failures="0" tests="3" name="Testng1" time="0.005" errors="0" timestamp="2025-07-13T21:12:32 IST" skipped="0">
  <testcase classname="Testng1" name="defun2" time="0.001"/>
  <testcase classname="Testng1" name="defFun" time="0.002"/>
  <testcase classname="Testng1" name="defun3" time="0.002"/>
</testsuite> <!-- Testng1 -->
