<?xml version="1.0" encoding="UTF-8"?>
<!-- Generated by org.testng.reporters.JUnitReportReporter -->
<testsuite hostname="PROVINCE-DEV-03" failures="0" tests="1" name="Testng3" time="0.025" errors="0" timestamp="2025-07-13T21:12:32 IST" skipped="0">
  <testcase classname="Testng3" name="getRuns" time="0.025"/>
</testsuite> <!-- Testng3 -->
