<?xml version="1.0" encoding="UTF-8"?>
<!-- Generated by org.testng.reporters.JUnitReportReporter -->
<testsuite hostname="PROVINCE-DEV-03" failures="0" tests="2" name="Testng2" time="0.003" errors="0" timestamp="2025-07-13T21:12:32 IST" skipped="0">
  <testcase classname="Testng2" name="getdata" time="0.001"/>
  <testcase classname="Testng2" name="getdata2" time="0.002"/>
</testsuite> <!-- Testng2 -->
